2026-01-12T14:58:13: ✅ [FunnelDatabase] Banco de dados inicializado com sucesso
2026-01-12T14:58:13: ✅ [SYNC] Banco de dados do funil inicializado
2026-01-12T14:58:13: 🧹 [CLEANUP] Limpeza automática configurada: GERAL=30d, EM_OPERACAO=60d, CONCLUIDO=90d
2026-01-12T14:58:13: 🎯 [COPIES] Sistema de Gestão de Copies inicializado
2026-01-12T14:58:20:    ✅ Sucesso: 0
2026-01-12T14:58:20:    ⚠️  Avisos: 0
2026-01-12T14:58:20:    ❌ Erros: 1
2026-01-12T14:58:20:    ⏭️  Pulados: 4
2026-01-12T14:58:26:    ✅ Sucesso: 0
2026-01-12T14:58:26:    ⚠️  Avisos: 0
2026-01-12T14:58:26:    ❌ Erros: 1
2026-01-12T14:58:26:    ⏭️  Pulados: 4
2026-01-12T14:59:13: 🧹 [CLEANUP] Executando limpeza inicial...
2026-01-12T14:59:13: 🧹 [CLEANUP] Nenhum ticket antigo para remover. Total: 14
2026-01-12T14:59:21: ✅ [FunnelDatabase] Banco de dados inicializado com sucesso
2026-01-12T14:59:21: ✅ [SYNC] Banco de dados do funil inicializado
2026-01-12T14:59:21: 🧹 [CLEANUP] Limpeza automática configurada: GERAL=30d, EM_OPERACAO=60d, CONCLUIDO=90d
2026-01-12T14:59:21: 🎯 [COPIES] Sistema de Gestão de Copies inicializado
2026-01-12T15:00:21: 🧹 [CLEANUP] Executando limpeza inicial...
2026-01-12T15:00:21: 🧹 [CLEANUP] Nenhum ticket antigo para remover. Total: 14
2026-01-12T16:07:30: 🧹 [CLEANUP] Iniciando limpeza automática de tickets...
2026-01-12T16:07:30: 🧹 [CLEANUP] Nenhum ticket antigo para remover. Total: 14
2026-01-12T17:18:10: 🧹 [CLEANUP] Iniciando limpeza automática de tickets...
2026-01-12T17:18:10: 🧹 [CLEANUP] Nenhum ticket antigo para remover. Total: 14
2026-01-12T18:18:10: 🧹 [CLEANUP] Iniciando limpeza automática de tickets...
2026-01-12T18:18:10: 🧹 [CLEANUP] Nenhum ticket antigo para remover. Total: 14
2026-01-12T19:18:10: 🧹 [CLEANUP] Iniciando limpeza automática de tickets...
2026-01-12T19:18:11: 🧹 [CLEANUP] Nenhum ticket antigo para remover. Total: 14
2026-01-12T20:01:55: ✅ [FunnelDatabase] Banco de dados inicializado com sucesso
2026-01-12T20:01:55: ✅ [SYNC] Banco de dados do funil inicializado
2026-01-12T20:01:55: 🧹 [CLEANUP] Limpeza automática configurada: GERAL=30d, EM_OPERACAO=60d, CONCLUIDO=90d
2026-01-12T20:01:55: 🎯 [COPIES] Sistema de Gestão de Copies inicializado
2026-01-12T20:02:55: 🧹 [CLEANUP] Executando limpeza inicial...
2026-01-12T20:02:55: 🧹 [CLEANUP] Nenhum ticket antigo para remover. Total: 14
2026-01-12T21:01:55: 🧹 [CLEANUP] Iniciando limpeza automática de tickets...
2026-01-12T21:01:55: 🧹 [CLEANUP] Nenhum ticket antigo para remover. Total: 14
2026-01-12T22:01:55: 🧹 [CLEANUP] Iniciando limpeza automática de tickets...
2026-01-12T22:01:55: 🧹 [CLEANUP] Nenhum ticket antigo para remover. Total: 14
2026-01-12T23:01:55: 🧹 [CLEANUP] Iniciando limpeza automática de tickets...
2026-01-12T23:01:55: 🧹 [CLEANUP] Nenhum ticket antigo para remover. Total: 14
2026-01-13T00:01:55: 🧹 [CLEANUP] Iniciando limpeza automática de tickets...
2026-01-13T00:01:55: 🧹 [CLEANUP] Nenhum ticket antigo para remover. Total: 14
2026-01-13T01:01:55: 🧹 [CLEANUP] Iniciando limpeza automática de tickets...
2026-01-13T01:01:55: 🧹 [CLEANUP] Nenhum ticket antigo para remover. Total: 14
2026-01-13T02:01:55: 🧹 [CLEANUP] Iniciando limpeza automática de tickets...
2026-01-13T02:01:55: 🧹 [CLEANUP] Nenhum ticket antigo para remover. Total: 14
2026-01-13T03:01:55: 🧹 [CLEANUP] Iniciando limpeza automática de tickets...
2026-01-13T03:01:55: 🧹 [CLEANUP] Nenhum ticket antigo para remover. Total: 14
2026-01-13T04:01:55: 🧹 [CLEANUP] Iniciando limpeza automática de tickets...
2026-01-13T04:01:55: 🧹 [CLEANUP] Nenhum ticket antigo para remover. Total: 14
2026-01-13T05:01:55: 🧹 [CLEANUP] Iniciando limpeza automática de tickets...
2026-01-13T05:01:55: 🧹 [CLEANUP] Nenhum ticket antigo para remover. Total: 14
2026-01-13T06:01:55: 🧹 [CLEANUP] Iniciando limpeza automática de tickets...
2026-01-13T06:01:55: 🧹 [CLEANUP] Nenhum ticket antigo para remover. Total: 14
2026-01-13T07:01:55: 🧹 [CLEANUP] Iniciando limpeza automática de tickets...
2026-01-13T07:01:55: 🧹 [CLEANUP] Nenhum ticket antigo para remover. Total: 14
2026-01-13T08:01:55: 🧹 [CLEANUP] Iniciando limpeza automática de tickets...
2026-01-13T08:01:55: 🧹 [CLEANUP] Nenhum ticket antigo para remover. Total: 14
2026-01-13T09:01:55: 🧹 [CLEANUP] Iniciando limpeza automática de tickets...
2026-01-13T09:01:55: 🧹 [CLEANUP] Nenhum ticket antigo para remover. Total: 14
2026-01-13T10:01:55: 🧹 [CLEANUP] Iniciando limpeza automática de tickets...
2026-01-13T10:01:55: 🧹 [CLEANUP] Nenhum ticket antigo para remover. Total: 14
2026-01-13T11:01:55: 🧹 [CLEANUP] Iniciando limpeza automática de tickets...
2026-01-13T11:01:55: 🧹 [CLEANUP] Nenhum ticket antigo para remover. Total: 14
2026-01-13T12:01:55: 🧹 [CLEANUP] Iniciando limpeza automática de tickets...
2026-01-13T12:01:55: 🧹 [CLEANUP] Nenhum ticket antigo para remover. Total: 14
2026-01-13T13:01:55: 🧹 [CLEANUP] Iniciando limpeza automática de tickets...
2026-01-13T13:01:55: 🧹 [CLEANUP] Nenhum ticket antigo para remover. Total: 14
2026-01-13T14:01:55: 🧹 [CLEANUP] Iniciando limpeza automática de tickets...
2026-01-13T14:01:55: 🧹 [CLEANUP] Nenhum ticket antigo para remover. Total: 14
2026-01-13T15:01:55: 🧹 [CLEANUP] Iniciando limpeza automática de tickets...
2026-01-13T15:01:55: 🧹 [CLEANUP] Nenhum ticket antigo para remover. Total: 14
2026-01-13T16:01:55: 🧹 [CLEANUP] Iniciando limpeza automática de tickets...
2026-01-13T16:01:55: 🧹 [CLEANUP] Nenhum ticket antigo para remover. Total: 14
2026-01-13T17:01:55: 🧹 [CLEANUP] Iniciando limpeza automática de tickets...
2026-01-13T17:01:55: 🧹 [CLEANUP] Nenhum ticket antigo para remover. Total: 14
2026-01-13T18:01:55: 🧹 [CLEANUP] Iniciando limpeza automática de tickets...
2026-01-13T18:01:55: 🧹 [CLEANUP] Nenhum ticket antigo para remover. Total: 14
2026-01-13T19:01:55: 🧹 [CLEANUP] Iniciando limpeza automática de tickets...
2026-01-13T19:01:55: 🧹 [CLEANUP] Nenhum ticket antigo para remover. Total: 14
2026-01-13T20:01:55: 🧹 [CLEANUP] Iniciando limpeza automática de tickets...
2026-01-13T20:01:55: 🧹 [CLEANUP] Nenhum ticket antigo para remover. Total: 14
2026-01-13T21:01:55: 🧹 [CLEANUP] Iniciando limpeza automática de tickets...
2026-01-13T21:01:55: 🧹 [CLEANUP] Nenhum ticket antigo para remover. Total: 14
2026-01-13T22:01:55: 🧹 [CLEANUP] Iniciando limpeza automática de tickets...
2026-01-13T22:01:55: 🧹 [CLEANUP] Nenhum ticket antigo para remover. Total: 14
2026-01-13T23:01:55: 🧹 [CLEANUP] Iniciando limpeza automática de tickets...
2026-01-13T23:01:55: 🧹 [CLEANUP] Nenhum ticket antigo para remover. Total: 14
2026-01-14T00:06:34: 🧹 [CLEANUP] Iniciando limpeza automática de tickets...
2026-01-14T00:06:34: 🧹 [CLEANUP] Nenhum ticket antigo para remover. Total: 14
2026-01-14T01:08:03: 🧹 [CLEANUP] Iniciando limpeza automática de tickets...
2026-01-14T01:08:03: 🧹 [CLEANUP] Nenhum ticket antigo para remover. Total: 14
2026-01-14T02:08:03: 🧹 [CLEANUP] Iniciando limpeza automática de tickets...
2026-01-14T02:08:03: 🧹 [CLEANUP] Nenhum ticket antigo para remover. Total: 14
2026-01-14T03:09:27: 🧹 [CLEANUP] Iniciando limpeza automática de tickets...
2026-01-14T03:09:27: 🧹 [CLEANUP] Nenhum ticket antigo para remover. Total: 14
2026-01-14T04:11:46: 🧹 [CLEANUP] Iniciando limpeza automática de tickets...
2026-01-14T04:11:46: 🧹 [CLEANUP] Nenhum ticket antigo para remover. Total: 14
2026-01-14T05:17:43: 🧹 [CLEANUP] Iniciando limpeza automática de tickets...
2026-01-14T05:17:43: 🧹 [CLEANUP] Nenhum ticket antigo para remover. Total: 14
2026-01-14T06:29:57: 🧹 [CLEANUP] Iniciando limpeza automática de tickets...
2026-01-14T06:29:57: 🧹 [CLEANUP] Nenhum ticket antigo para remover. Total: 14
2026-01-14T07:30:37: 🧹 [CLEANUP] Iniciando limpeza automática de tickets...
2026-01-14T07:30:37: 🧹 [CLEANUP] Nenhum ticket antigo para remover. Total: 14
2026-01-14T08:31:08: 🧹 [CLEANUP] Iniciando limpeza automática de tickets...
2026-01-14T08:31:08: 🧹 [CLEANUP] Nenhum ticket antigo para remover. Total: 14
2026-01-14T09:31:08: 🧹 [CLEANUP] Iniciando limpeza automática de tickets...
2026-01-14T09:31:08: 🧹 [CLEANUP] Nenhum ticket antigo para remover. Total: 14
2026-01-14T10:31:08: 🧹 [CLEANUP] Iniciando limpeza automática de tickets...
2026-01-14T10:31:08: 🧹 [CLEANUP] Nenhum ticket antigo para remover. Total: 14
2026-01-14T11:31:08: 🧹 [CLEANUP] Iniciando limpeza automática de tickets...
2026-01-14T11:31:08: 🧹 [CLEANUP] Nenhum ticket antigo para remover. Total: 14
2026-01-14T12:31:08: 🧹 [CLEANUP] Iniciando limpeza automática de tickets...
2026-01-14T12:31:08: 🧹 [CLEANUP] Nenhum ticket antigo para remover. Total: 14
2026-01-14T13:31:08: 🧹 [CLEANUP] Iniciando limpeza automática de tickets...
2026-01-14T13:31:08: 🧹 [CLEANUP] Nenhum ticket antigo para remover. Total: 14
2026-01-14T14:31:08: 🧹 [CLEANUP] Iniciando limpeza automática de tickets...
2026-01-14T14:31:08: 🧹 [CLEANUP] Nenhum ticket antigo para remover. Total: 14
2026-01-14T15:31:08: 🧹 [CLEANUP] Iniciando limpeza automática de tickets...
2026-01-14T15:31:08: 🧹 [CLEANUP] Nenhum ticket antigo para remover. Total: 14
2026-01-14T16:31:08: 🧹 [CLEANUP] Iniciando limpeza automática de tickets...
2026-01-14T16:31:08: 🧹 [CLEANUP] Nenhum ticket antigo para remover. Total: 14
2026-01-14T17:31:08: 🧹 [CLEANUP] Iniciando limpeza automática de tickets...
2026-01-14T17:31:08: 🧹 [CLEANUP] Nenhum ticket antigo para remover. Total: 14
2026-01-14T18:31:08: 🧹 [CLEANUP] Iniciando limpeza automática de tickets...
2026-01-14T18:31:08: 🧹 [CLEANUP] Nenhum ticket antigo para remover. Total: 14
2026-01-14T19:31:08: 🧹 [CLEANUP] Iniciando limpeza automática de tickets...
2026-01-14T19:31:08: 🧹 [CLEANUP] Nenhum ticket antigo para remover. Total: 14
2026-01-14T20:31:08: 🧹 [CLEANUP] Iniciando limpeza automática de tickets...
2026-01-14T20:31:08: 🧹 [CLEANUP] Nenhum ticket antigo para remover. Total: 14
2026-01-14T21:31:08: 🧹 [CLEANUP] Iniciando limpeza automática de tickets...
2026-01-14T21:31:08: 🧹 [CLEANUP] Nenhum ticket antigo para remover. Total: 14
2026-01-14T22:31:08: 🧹 [CLEANUP] Iniciando limpeza automática de tickets...
2026-01-14T22:31:08: 🧹 [CLEANUP] Nenhum ticket antigo para remover. Total: 14
2026-01-14T23:31:08: 🧹 [CLEANUP] Iniciando limpeza automática de tickets...
2026-01-14T23:31:08: 🧹 [CLEANUP] Nenhum ticket antigo para remover. Total: 14
2026-01-15T00:31:08: 🧹 [CLEANUP] Iniciando limpeza automática de tickets...
2026-01-15T00:31:08: 🧹 [CLEANUP] Nenhum ticket antigo para remover. Total: 14
2026-01-15T01:31:08: 🧹 [CLEANUP] Iniciando limpeza automática de tickets...
2026-01-15T01:31:08: 🧹 [CLEANUP] Nenhum ticket antigo para remover. Total: 14
2026-01-15T02:31:08: 🧹 [CLEANUP] Iniciando limpeza automática de tickets...
2026-01-15T02:31:08: 🧹 [CLEANUP] Nenhum ticket antigo para remover. Total: 14
2026-01-15T03:31:08: 🧹 [CLEANUP] Iniciando limpeza automática de tickets...
2026-01-15T03:31:08: 🧹 [CLEANUP] Nenhum ticket antigo para remover. Total: 14
2026-01-15T04:31:08: 🧹 [CLEANUP] Iniciando limpeza automática de tickets...
2026-01-15T04:31:08: 🧹 [CLEANUP] Nenhum ticket antigo para remover. Total: 14
2026-01-15T05:31:08: 🧹 [CLEANUP] Iniciando limpeza automática de tickets...
2026-01-15T05:31:08: 🧹 [CLEANUP] Nenhum ticket antigo para remover. Total: 14
2026-01-15T06:31:08: 🧹 [CLEANUP] Iniciando limpeza automática de tickets...
2026-01-15T06:31:08: 🧹 [CLEANUP] Nenhum ticket antigo para remover. Total: 14
2026-01-15T07:31:08: 🧹 [CLEANUP] Iniciando limpeza automática de tickets...
2026-01-15T07:31:08: 🧹 [CLEANUP] Nenhum ticket antigo para remover. Total: 14
2026-01-15T08:31:08: 🧹 [CLEANUP] Iniciando limpeza automática de tickets...
2026-01-15T08:31:08: 🧹 [CLEANUP] Nenhum ticket antigo para remover. Total: 14
2026-01-15T09:31:08: 🧹 [CLEANUP] Iniciando limpeza automática de tickets...
2026-01-15T09:31:08: 🧹 [CLEANUP] Nenhum ticket antigo para remover. Total: 14
2026-01-15T10:31:08: 🧹 [CLEANUP] Iniciando limpeza automática de tickets...
2026-01-15T10:31:08: 🧹 [CLEANUP] Nenhum ticket antigo para remover. Total: 14
2026-01-15T11:31:08: 🧹 [CLEANUP] Iniciando limpeza automática de tickets...
2026-01-15T11:31:08: 🧹 [CLEANUP] Nenhum ticket antigo para remover. Total: 14
2026-01-15T12:21:17: ✅ [SYNC] Próximo código gerado: TK-015 (último no arquivo: TK-014, último gerado: TK-014)
2026-01-15T12:21:17: 📥 [SYNC] POST /tickets - Dados recebidos: {
2026-01-15T12:21:17:   id: 'ticket-1768490477549-z2s2kphea',
2026-01-15T12:21:17:   codigo: 'TK-015',
2026-01-15T12:21:17:   status: 'GERAL',
2026-01-15T12:21:17:   nomeCompleto: 'Julio teste 777',
2026-01-15T12:21:17:   dataCadastro: '2026-01-15T15:21:17.549Z'
2026-01-15T12:21:17: }
2026-01-15T12:21:17: 📥 [SYNC] Ticket sanitizado: {
2026-01-15T12:21:17:   id: 'ticket-1768490477549-z2s2kphea',
2026-01-15T12:21:17:   codigo: 'TK-015',
2026-01-15T12:21:17:   status: 'GERAL'
2026-01-15T12:21:17: }
2026-01-15T12:21:17: 📥 [SYNC] Total de tickets existentes: 14
2026-01-15T12:21:17: ➕ [SYNC] Adicionando novo ticket TK-015 com status: GERAL
2026-01-15T12:21:17: ✅ [SYNC] Ticket TK-015 salvo com sucesso! Status: GERAL
2026-01-15T12:21:17: ✅ [SYNC] Total de tickets após salvar: 15
2026-01-15T12:22:35: 📦 [Pagar.me API v5] Criando pedido PIX... {
2026-01-15T12:22:35:   code: 'ticket-1768490477549-z2s2kphea',
2026-01-15T12:22:35:   amount: 3990,
2026-01-15T12:22:35:   customer: 'Julio teste 777',
2026-01-15T12:22:35:   ticket_id: 'ticket-1768490477549-z2s2kphea'
2026-01-15T12:22:35: }
2026-01-15T12:22:35: ❌ [Pagar.me API v5] Erro ao criar pedido: Request failed with status code 403
2026-01-15T12:22:35: ❌ [Pagar.me API v5] Detalhes do erro: {
2026-01-15T12:22:35:   status: 403,
2026-01-15T12:22:35:   statusText: 'Forbidden',
2026-01-15T12:22:35:   data: '{\n  "message": "Authorization has been denied for this request."\n}'
2026-01-15T12:22:35: }
2026-01-15T12:23:34: ✅ [SYNC] Próximo código gerado: TK-016 (último no arquivo: TK-015, último gerado: TK-015)
2026-01-15T12:23:34: 📥 [SYNC] POST /tickets - Dados recebidos: {
2026-01-15T12:23:34:   id: 'ticket-1768490614641-cxz4ksv2g',
2026-01-15T12:23:34:   codigo: 'TK-016',
2026-01-15T12:23:34:   status: 'GERAL',
2026-01-15T12:23:34:   nomeCompleto: 'JULIO CESAR NEVES DE SOUZA',
2026-01-15T12:23:34:   dataCadastro: '2026-01-15T15:23:34.641Z'
2026-01-15T12:23:34: }
2026-01-15T12:23:34: 📥 [SYNC] Ticket sanitizado: {
2026-01-15T12:23:34:   id: 'ticket-1768490614641-cxz4ksv2g',
2026-01-15T12:23:34:   codigo: 'TK-016',
2026-01-15T12:23:34:   status: 'GERAL'
2026-01-15T12:23:34: }
2026-01-15T12:23:34: 📥 [SYNC] Total de tickets existentes: 15
2026-01-15T12:23:34: ➕ [SYNC] Adicionando novo ticket TK-016 com status: GERAL
2026-01-15T12:23:34: ✅ [SYNC] Ticket TK-016 salvo com sucesso! Status: GERAL
2026-01-15T12:23:34: ✅ [SYNC] Total de tickets após salvar: 16
2026-01-15T12:23:34: 📦 [Pagar.me API v5] Criando pedido PIX... {
2026-01-15T12:23:34:   code: 'ticket-1768490614641-cxz4ksv2g',
2026-01-15T12:23:34:   amount: 3990,
2026-01-15T12:23:34:   customer: 'JULIO CESAR NEVES DE SOUZA',
2026-01-15T12:23:34:   ticket_id: 'ticket-1768490614641-cxz4ksv2g'
2026-01-15T12:23:34: }
2026-01-15T12:23:35: ❌ [Pagar.me API v5] Erro ao criar pedido: Request failed with status code 403
2026-01-15T12:23:35: ❌ [Pagar.me API v5] Detalhes do erro: {
2026-01-15T12:23:35:   status: 403,
2026-01-15T12:23:35:   statusText: 'Forbidden',
2026-01-15T12:23:35:   data: '{\n  "message": "Authorization has been denied for this request."\n}'
2026-01-15T12:23:35: }
2026-01-15T12:24:36: 📦 [Pagar.me API v5] Criando pedido PIX... {
2026-01-15T12:24:36:   code: 'ticket-1768490477549-z2s2kphea',
2026-01-15T12:24:36:   amount: 3990,
2026-01-15T12:24:36:   customer: 'Julio teste 777',
2026-01-15T12:24:36:   ticket_id: 'ticket-1768490477549-z2s2kphea'
2026-01-15T12:24:36: }
2026-01-15T12:24:37: ❌ [Pagar.me API v5] Erro ao criar pedido: Request failed with status code 403
2026-01-15T12:24:37: ❌ [Pagar.me API v5] Detalhes do erro: {
2026-01-15T12:24:37:   status: 403,
2026-01-15T12:24:37:   statusText: 'Forbidden',
2026-01-15T12:24:37:   data: '{\n  "message": "Authorization has been denied for this request."\n}'
2026-01-15T12:24:37: }
2026-01-15T12:24:45: 📦 [Pagar.me API v5] Criando pedido PIX... {
2026-01-15T12:24:45:   code: 'ticket-1768490477549-z2s2kphea',
2026-01-15T12:24:45:   amount: 3990,
2026-01-15T12:24:45:   customer: 'Julio teste 777',
2026-01-15T12:24:45:   ticket_id: 'ticket-1768490477549-z2s2kphea'
2026-01-15T12:24:45: }
2026-01-15T12:24:45: ❌ [Pagar.me API v5] Erro ao criar pedido: Request failed with status code 403
2026-01-15T12:24:45: ❌ [Pagar.me API v5] Detalhes do erro: {
2026-01-15T12:24:45:   status: 403,
2026-01-15T12:24:45:   statusText: 'Forbidden',
2026-01-15T12:24:45:   data: '{\n  "message": "Authorization has been denied for this request."\n}'
2026-01-15T12:24:45: }
2026-01-15T12:25:24: 📦 [Pagar.me API v5] Criando pedido PIX... {
2026-01-15T12:25:24:   code: 'ticket-1768490614641-cxz4ksv2g',
2026-01-15T12:25:24:   amount: 3990,
2026-01-15T12:25:24:   customer: 'JULIO CESAR NEVES DE SOUZA',
2026-01-15T12:25:24:   ticket_id: 'ticket-1768490614641-cxz4ksv2g'
2026-01-15T12:25:24: }
2026-01-15T12:25:25: ❌ [Pagar.me API v5] Erro ao criar pedido: Request failed with status code 403
2026-01-15T12:25:25: ❌ [Pagar.me API v5] Detalhes do erro: {
2026-01-15T12:25:25:   status: 403,
2026-01-15T12:25:25:   statusText: 'Forbidden',
2026-01-15T12:25:25:   data: '{\n  "message": "Authorization has been denied for this request."\n}'
2026-01-15T12:25:25: }
2026-01-15T12:31:08: 🧹 [CLEANUP] Iniciando limpeza automática de tickets...
2026-01-15T12:31:08: 🧹 [CLEANUP] Nenhum ticket antigo para remover. Total: 16
2026-01-15T13:31:08: 🧹 [CLEANUP] Iniciando limpeza automática de tickets...
2026-01-15T13:31:08: 🧹 [CLEANUP] Nenhum ticket antigo para remover. Total: 16
2026-01-15T14:31:08: 🧹 [CLEANUP] Iniciando limpeza automática de tickets...
2026-01-15T14:31:08: 🧹 [CLEANUP] Nenhum ticket antigo para remover. Total: 16
2026-01-15T15:31:08: 🧹 [CLEANUP] Iniciando limpeza automática de tickets...
2026-01-15T15:31:08: 🧹 [CLEANUP] Nenhum ticket antigo para remover. Total: 16
2026-01-15T16:31:08: 🧹 [CLEANUP] Iniciando limpeza automática de tickets...
2026-01-15T16:31:08: 🧹 [CLEANUP] Nenhum ticket antigo para remover. Total: 16
2026-01-15T17:31:08: 🧹 [CLEANUP] Iniciando limpeza automática de tickets...
2026-01-15T17:31:08: 🧹 [CLEANUP] Nenhum ticket antigo para remover. Total: 16
2026-01-15T18:31:08: 🧹 [CLEANUP] Iniciando limpeza automática de tickets...
2026-01-15T18:31:08: 🧹 [CLEANUP] Nenhum ticket antigo para remover. Total: 16
2026-01-15T19:31:08: 🧹 [CLEANUP] Iniciando limpeza automática de tickets...
2026-01-15T19:31:08: 🧹 [CLEANUP] Nenhum ticket antigo para remover. Total: 16
2026-01-15T20:31:08: 🧹 [CLEANUP] Iniciando limpeza automática de tickets...
2026-01-15T20:31:08: 🧹 [CLEANUP] Nenhum ticket antigo para remover. Total: 16
2026-01-15T21:31:08: 🧹 [CLEANUP] Iniciando limpeza automática de tickets...
2026-01-15T21:31:08: 🧹 [CLEANUP] Nenhum ticket antigo para remover. Total: 16
2026-01-15T22:31:08: 🧹 [CLEANUP] Iniciando limpeza automática de tickets...
2026-01-15T22:31:08: 🧹 [CLEANUP] Nenhum ticket antigo para remover. Total: 16
2026-01-15T23:31:08: 🧹 [CLEANUP] Iniciando limpeza automática de tickets...
2026-01-15T23:31:08: 🧹 [CLEANUP] Nenhum ticket antigo para remover. Total: 16
2026-01-16T00:31:08: 🧹 [CLEANUP] Iniciando limpeza automática de tickets...
2026-01-16T00:31:08: 🧹 [CLEANUP] Nenhum ticket antigo para remover. Total: 16
2026-01-16T01:31:08: 🧹 [CLEANUP] Iniciando limpeza automática de tickets...
2026-01-16T01:31:08: 🧹 [CLEANUP] Nenhum ticket antigo para remover. Total: 16
2026-01-16T02:31:08: 🧹 [CLEANUP] Iniciando limpeza automática de tickets...
2026-01-16T02:31:08: 🧹 [CLEANUP] Nenhum ticket antigo para remover. Total: 16
2026-01-16T03:31:08: 🧹 [CLEANUP] Iniciando limpeza automática de tickets...
2026-01-16T03:31:08: 🧹 [CLEANUP] Nenhum ticket antigo para remover. Total: 16
2026-01-16T04:31:08: 🧹 [CLEANUP] Iniciando limpeza automática de tickets...
2026-01-16T04:31:08: 🧹 [CLEANUP] Nenhum ticket antigo para remover. Total: 16
2026-01-16T05:31:08: 🧹 [CLEANUP] Iniciando limpeza automática de tickets...
2026-01-16T05:31:08: 🧹 [CLEANUP] Nenhum ticket antigo para remover. Total: 16
2026-01-16T06:31:08: 🧹 [CLEANUP] Iniciando limpeza automática de tickets...
2026-01-16T06:31:08: 🧹 [CLEANUP] Nenhum ticket antigo para remover. Total: 16
2026-01-16T07:31:08: 🧹 [CLEANUP] Iniciando limpeza automática de tickets...
2026-01-16T07:31:08: 🧹 [CLEANUP] Nenhum ticket antigo para remover. Total: 16
2026-01-16T08:31:08: 🧹 [CLEANUP] Iniciando limpeza automática de tickets...
2026-01-16T08:31:08: 🧹 [CLEANUP] Nenhum ticket antigo para remover. Total: 16
2026-01-16T09:31:08: 🧹 [CLEANUP] Iniciando limpeza automática de tickets...
2026-01-16T09:31:08: 🧹 [CLEANUP] Nenhum ticket antigo para remover. Total: 16
2026-01-16T10:31:08: 🧹 [CLEANUP] Iniciando limpeza automática de tickets...
2026-01-16T10:31:08: 🧹 [CLEANUP] Nenhum ticket antigo para remover. Total: 16
2026-01-16T11:31:08: 🧹 [CLEANUP] Iniciando limpeza automática de tickets...
2026-01-16T11:31:09: 🧹 [CLEANUP] Nenhum ticket antigo para remover. Total: 16
2026-01-16T12:31:09: 🧹 [CLEANUP] Iniciando limpeza automática de tickets...
2026-01-16T12:31:09: 🧹 [CLEANUP] Nenhum ticket antigo para remover. Total: 16
2026-01-16T13:31:08: 🧹 [CLEANUP] Iniciando limpeza automática de tickets...
2026-01-16T13:31:08: 🧹 [CLEANUP] Nenhum ticket antigo para remover. Total: 16
2026-01-16T14:31:08: 🧹 [CLEANUP] Iniciando limpeza automática de tickets...
2026-01-16T14:31:08: 🧹 [CLEANUP] Nenhum ticket antigo para remover. Total: 16
2026-01-16T15:31:09: 🧹 [CLEANUP] Iniciando limpeza automática de tickets...
2026-01-16T15:31:09: 🧹 [CLEANUP] Nenhum ticket antigo para remover. Total: 16
2026-01-16T16:31:09: 🧹 [CLEANUP] Iniciando limpeza automática de tickets...
2026-01-16T16:31:09: 🧹 [CLEANUP] Nenhum ticket antigo para remover. Total: 16
2026-01-16T17:31:09: 🧹 [CLEANUP] Iniciando limpeza automática de tickets...
2026-01-16T17:31:09: 🧹 [CLEANUP] Nenhum ticket antigo para remover. Total: 16
2026-01-16T18:31:09: 🧹 [CLEANUP] Iniciando limpeza automática de tickets...
2026-01-16T18:31:09: 🧹 [CLEANUP] Nenhum ticket antigo para remover. Total: 16
2026-01-16T19:31:09: 🧹 [CLEANUP] Iniciando limpeza automática de tickets...
2026-01-16T19:31:09: 🧹 [CLEANUP] Nenhum ticket antigo para remover. Total: 16
2026-01-16T20:31:09: 🧹 [CLEANUP] Iniciando limpeza automática de tickets...
2026-01-16T20:31:09: 🧹 [CLEANUP] Nenhum ticket antigo para remover. Total: 16
2026-01-16T21:31:09: 🧹 [CLEANUP] Iniciando limpeza automática de tickets...
2026-01-16T21:31:09: 🧹 [CLEANUP] Nenhum ticket antigo para remover. Total: 16
2026-01-16T22:31:08: 🧹 [CLEANUP] Iniciando limpeza automática de tickets...
2026-01-16T22:31:08: 🧹 [CLEANUP] Nenhum ticket antigo para remover. Total: 16
2026-01-16T23:31:09: 🧹 [CLEANUP] Iniciando limpeza automática de tickets...
2026-01-16T23:31:09: 🧹 [CLEANUP] Nenhum ticket antigo para remover. Total: 16
2026-01-17T00:31:09: 🧹 [CLEANUP] Iniciando limpeza automática de tickets...
2026-01-17T00:31:09: 🧹 [CLEANUP] Nenhum ticket antigo para remover. Total: 16
2026-01-17T01:31:09: 🧹 [CLEANUP] Iniciando limpeza automática de tickets...
2026-01-17T01:31:09: 🧹 [CLEANUP] Nenhum ticket antigo para remover. Total: 16
2026-01-17T02:31:09: 🧹 [CLEANUP] Iniciando limpeza automática de tickets...
2026-01-17T02:31:09: 🧹 [CLEANUP] Nenhum ticket antigo para remover. Total: 16
2026-01-17T03:31:09: 🧹 [CLEANUP] Iniciando limpeza automática de tickets...
2026-01-17T03:31:09: 🧹 [CLEANUP] Nenhum ticket antigo para remover. Total: 16
2026-01-17T04:31:08: 🧹 [CLEANUP] Iniciando limpeza automática de tickets...
2026-01-17T04:31:08: 🧹 [CLEANUP] Nenhum ticket antigo para remover. Total: 16
2026-01-17T05:31:08: 🧹 [CLEANUP] Iniciando limpeza automática de tickets...
2026-01-17T05:31:08: 🧹 [CLEANUP] Nenhum ticket antigo para remover. Total: 16
2026-01-17T06:31:08: 🧹 [CLEANUP] Iniciando limpeza automática de tickets...
2026-01-17T06:31:08: 🧹 [CLEANUP] Nenhum ticket antigo para remover. Total: 16
2026-01-17T07:31:08: 🧹 [CLEANUP] Iniciando limpeza automática de tickets...
2026-01-17T07:31:08: 🧹 [CLEANUP] Nenhum ticket antigo para remover. Total: 16
2026-01-17T08:31:08: 🧹 [CLEANUP] Iniciando limpeza automática de tickets...
2026-01-17T08:31:08: 🧹 [CLEANUP] Nenhum ticket antigo para remover. Total: 16
2026-01-17T09:31:09: 🧹 [CLEANUP] Iniciando limpeza automática de tickets...
2026-01-17T09:31:09: 🧹 [CLEANUP] Nenhum ticket antigo para remover. Total: 16
2026-01-17T10:31:09: 🧹 [CLEANUP] Iniciando limpeza automática de tickets...
2026-01-17T10:31:09: 🧹 [CLEANUP] Nenhum ticket antigo para remover. Total: 16
